7894
7894
7894
7894
7894
7894
50655
7894
7894
7894
50655
50655
7894
7894
7894
50655
7894
7894
7893
7893
51952
53076
53076
50130
7893
68075
72538
72538
77290
76707
7894
7894
7894
79689
79689
79689
7895
7895
86472
7895
86472
81551
7894
7894
78726
78726
7893
85152
75053
7892
7892
7891
70379
70379
70379
70379
70379
7891
70379
79471
79471
7891
77919
7893
7893
77919
7893
7893
77919
7893
7893
7893
82873
82873
7893
7893
7893
82873
7893
81324
93279
93279
102711
7894
102711
7893
104675
104675
7893
7893
7893
7893
7892
7892
113113
7892
7892
113113
113113
113113
7896
101659
7896
7895
7895
7895
7895
98299
101291
106781
88364
85049
7895
7895
81017
81017
81017
81005
81005
7894
81005
7894
7894
7893
7893
67648
7893
67648
7893
7893
7893
55988
7893
55988
7894
59413
7893
54457
7892
54457
54457
7892
47494
7891
7891
7890
7890
7891
44889
7891
7891
41862
43146
7891
7891
7891
43146
7891
7892
57701
57701
7893
7893
7893
7892
7892
7892
64348
61062
7891
71393
7890
7890
7890
72412
72412
7890
72412
66248
66248
66248
7891
66248
7890
7889
64978
64978
64978
64978
7889
64978
63783
63783
7889
7889
7889
63783
63783
7889
7889
7889
7889
59535
7890
59535
7890
7890
59535
59694
7890
57557
57557
7889
7889
58830
58830
7889
58830
7889
62094
62094
7890
61186
7890
61186
61186
7890
7889
62528
7889
62528
62528
7891
69933
7892
69933
7892
69933
70203
64461
64461
7889
62056
7889
72045
77680
7888
7887
78006
7887
81246
81246
7886
81246
7886
80088
7885
7885
80088
7885
80088
80088
80088
7885
7885
7886
77431
77431
77431
7886
77431
81524
7886
89505
89505
92434
92434
7887
7887
99118
7887
7887
91954
7886
86140
7886
86140
83798
83798
74525
7887
80679
80679
7888
7888
7888
7888
87462
7888
87462
87462
87462
7888
7887
7887
87279
7887
7887
88156
7887
88156
88156
82218
82218
82218
70877
70877
7886
7886
7886
7886
7886
64522
64522
7886
66619
7886
7885
65151
62636
62636
62636
7884
61058
61058
7884
7884
7884
61482
61482
7883
7882
67533
7882
7882
71682
7882
67425
66723
66723
7881
76405
76405
7883
76405
7883
76405
76405
7885
65145
7887
7887
7887
7887
7887
7886
57922
7885
57922
7884
7884
66211
66211
66211
66211
66211
7884
7884
65460
7883
62861
62861
7883
62861
62861
7883
7883
7883
58023
58023
58023
7883
58023
7883
58023
7883
58023
7883
70073
70073
70073
63158
63158
7883
7883
7884
7884
69068
77910
7884
7884
76368
76368
7882
7883
84794
7883
7882
7882
7882
7882
7882
77882
76726
7880
7880
84618
84618
7880
7880
7880
7880
7880
7880
102012
102012
7881
7881
90156
7880
89934
89934
89934
7879
95656
7878
7879
7879
88047
99979
7880
99979
7880
99979
99979
7880
7880
7880
94959
7879
95206
95206
89484
7879
83615
7879
7878
73463
74812
7878
7878
7878
7878
81815
81815
7879
58901
58901
74523
74523
7879
7879
7879
7879
7879
71739
62547
7879
57849
57849
7879
7879
57849
57849
7879
7879
7879
7879
7879
54679
7880
50063
7880
7880
7881
7881
7881
49793
49793
7881
45229
7881
7881
7881
52025
7881
7881
57509
57509
7881
57509
7881
7880
7880
55192
7879
7879
7878
7878
61955
7878
64728
64728
7878
7878
7878
61830
7878
7878
61562
61562
7877
61562
7877
7877
61218
61218
59739
59739
65390
65390
65015
7877
59583
7877
59583
7878
7878
7878
48949
40527
36483
7877
7877
36284
7877
7878
7878
50489
50489
49569
49569
49569
49569
7879
7879
7878
7878
7879
52055
7879
7880
49589
48076
44763
44763
40747
7882
7882
7883
7883
7883
45225
70822
7880
7880
7880
70822
7881
7881
63404
7881
63622
63622
7881
63622
57635
61962
62350
61040
61040
55217
7881
55217
47001
47001
47157
7883
46920
7883
7885
44260
7886
7886
50848
7885
7885
54093
7884
7884
57562
57562
57562
7882
7882
58852
49799
49799
49799
58343
58343
7883
58343
7883
7883
47898
7883
47898
7883
7883
7883
50406
7884
7884
54015
7884
59731
7885
56300
56300
53369
7886
53369
7886
53369
57009
57009
7885
56060
56060
54949
54949
54949
54949
58554
7886
62527
62527
63197
63197
63197
7888
7888
67091
67091
7888
7888
76701
7888
68095
7889
68095
68095
7889
7889
7889
7889
56081
7889
7889
7888
59763
7889
7889
59763
59763
61431
7889
7889
7889
54955
7889
7889
57893
7889
7889
57893
63679
63679
7889
7889
7889
63620
7887
7887
7887
60667
69073
62637
7885
7885
7885
7885
7885
62425
7886
62425
62425
62425
7886
7886
62425
7886
7886
68154
68154
7887
67712
67712
7887
7887
67712
7887
56256
56256
7887
7887
53888
58159
58159
49781
7885
7885
7885
49781
49781
57091
57091
7882
53400
53400
53400
7882
7882
54549
59226
59226
59226
7881
7881
7881
59226
59226
7881
7881
7881
7881
7881
62890
62890
62890
62890
7881
62890
7882
62716
7882
7882
61663
7882
7882
7882
67926
67926
7882
75624
7882
67472
63161
63161
60233
7882
7882
7882
7882
60233
7882
7882
60233
60233
7882
7882
60233
7882
7883
64499
7883
7882
65979
7882
7883
7883
55793
7882
7883
7883
68810
7882
75510
7882
7882
75510
75510
75510
7882
7882
75510
7882
75510
7882
75510
75510
7882
75510
74224
7882
7882
76488
7881
7881
7881
80997
80997
80997
7881
7881
80997
7881
80997
7881
7881
7881
89600
89600
89600
7881
7881
93870
90241
90241
7881
90241
7881
7883
7881
104791
109714
7880
102348
93346
93346
7881
93346
92508
7883
91003
91261
7884
83454
90618
90509
90509
7884
7884
7884
7884
7884
7884
7884
77617
77617
77617
7883
7883
7883
7883
77617
77617
7883
81978
7883
82858
82858
82858
79973
79973
7883
84254
7884
7884
76838
76838
76838
76838
76838
7884
7884
76838
7884
76838
7884
76838
76838
7882
73235
7882
58190
7884
54767
7884
56739
7885
7885
7885
7885
7886
57128
7887
57999
57999
57999
57999
58402
58402
59442
59442
7887
7887
7887
7888
71717
7888
72450
7888
7888
7888
77724
77724
7888
7888
71674
7889
79884
78771
7888
84144
7888
84144
82952
77806
77806
68150
7888
72494
72494
7888
7888
71895
7888
71895
71895
7888
7888
7888
71147
71147
71147
79263
7889
7889
7889
7889
78703
84052
83676
7889
83676
7889
7889
7889
7889
84215
84215
84215
7889
80678
7889
80678
7888
7889
68682
68682
72591
7890
7890
7890
66570
7890
7890
66570
7890
66184
66184
7890
7890
7890
7891
7891
7891
7891
7892
78759
7892
78759
7893
7893
86181
7893
7894
81801
81801
82025
7894
89105
7894
89105
7894
94226
94226
7893
7893
94226
7893
7894
89102
96152
7896
7896
96152
7896
7896
7896
7896
91663
7896
7896
99513
7896
7896
99513
101469
101469
7896
100349
100349
101714
7896
7896
7896
7897
98555
7897
7896
99948
7895
7896
114691
7896
7896
7896
107450
107450
7895
99795
7896
99795
7895
7895
97984
97984
7895
7895
7895
7895
99543
99543
99543
7896
99543
7896
7896
7896
99331
99331
99331
7896
99331
106833
104927
7895
104927
7896
7895
104440
7895
7894
7894
99976
106402
7895
7895
7896
7896
7896
7895
117696
7896
7896
7896
7895
125474
125474
7895
125474
120873
7894
7895
117079
118943
7896
118943
118943
7896
7897
7897
121591
121591
121591
7897
7897
119450
119450
119450
7897
7897
7897
113038
7896
7896
120509
7898
127440
7898
133762
128620
7898
128480
7898
121011
127579
7899
7899
7899
7899
7899
127579
120758
120758
120758
120758
7899
120758
120758
7899
7899
116598
7898
7898
121050
121050
124182
7897
124182
124182
7897
7897
7897
7897
7897
7897
121473
7897
121473
7897
118945
118945
7896
7896
122430
7896
122430
7896
118578
118578
7897
7897
121554
7897
120553
118932
118932
7896
7896
7896
7896
121115
121115
7896
7896
119821
7896
111010
7895
108292
7895
7895
7895
7895
7895
104402
7895
104402
7895
7896
111205
111205
111205
7896
7896
111205
106469
106469
7896
117116
117116
117116
7896
111560
7896
104858
96102
7897
7897
99665
99665
97638
97638
97638
97638
106623
7898
7899
7899
7900
7900
7900
7900
106222
7900
108717
108717
7901
102452
7901
7901
7901
100459
7900
7898
95328
84957
84957
84957
82835
84389
7895
84389
84389
84389
84389
84389
84389
84389
7895
7895
7895
7895
7895
78153
79216
7895
85252
84652
84652
84652
84652
7895
7895
7895
63730
63730
50812
7895
7895
7895
50812
7895
7895
50812
7895
50812
7895
7894
7895
7894
7893
7893
52970
7892
47813
7891
7891
52786
52786
52514
49334
50459
46033
7895
7895
7895
7895
46033
46033
7895
7895
46033
7895
7895
48114
7895
7894
7894
54926
7894
58326
58326
58326
58326
58326
58326
7894
7894
7894
7894
7893
7894
55738
7895
7895
56470
56470
56470
56470
56470
7895
56470
7895
7895
7895
7895
7895
56470
7895
56470
7895
56470
7895
7895
7895
7898
47674
7900
7900
7899
7900
52603
53159
7898
7898
7898
7898
45629
7898
7898
7898
45629
45629
45629
45629
50916
40142
40142
40204
7899
7899
31134
30541
32284
32284
32284
7898
7897
26686
7897
22659
7897
20355
20355
22683
7897
15417
13229
13229
13229
13229
26612
31097
31097
7896
31097
7896
21951
7896
7896
7895
32682
32991
7895
7895
7896
41112
7896
7896
7896
41112
7896
41112
41112
7897
7897
31247
7897
28733
33283
33283
7898
33283
7897
7897
32108
7897
24075
24075
24075
7896
33681
33681
33681
33681
28828
26439
7896
7896
7896
24209
24209
7896
7896
7895
22186
22186
29950
7896
29950
31158
7897
31158
41227
41227
7897
7897
7897
41227
28431
7898
7898
7898
7897
7897
15794
7897
5637
7897
7897
7897
-3742
7898
1039
-4408
7898
-4745
-4745
-4745
7900
7900
7900
7900
7900
-8156
-8156
7899
7900
7900
7900
7899
-14508
-24961
-24961
7899
7899
7899
7899
-18838
-18838
-18838
-18838
-18838
-10042
-10042
7899
7899
7898
7898
-7929
7898
-7929
7897
-15717
-15717
-15717
7897
7897
7897
7897
-12450
7897
7897
-19881
7897
-19881
-19881
-19881
-19881
7897
-19881
-19881
7897
7897
-19881
-19881
-10217
7897
-16083
7897
7897
-16083
7897
-12756
7897
-5620
7897
1143
7897
7897
1143
7898
7898
7898
-5313
7898
7896
9932
9932
9932
7896
7896
10227
10227
10227
7896
7896
10119
7896
7896
19870
7896
7896
7896
7896
15286
7896
7897
7897
11595
7897
11595
11595
11595
371
7897
7898
7898
3071
7898
7898
7898
3071
7898
7898
3071
3071
3071
7898
1948
1948
7897
-5507
7897
7897
7897
7897
7895
-2821
7895
-10126
7894
7894
-9635
-9635
7894
7894
7894
7894
-13467
7894
-15971
7894
7894
7894
-14547
-14547
7893
-14547
7893
7893
-11539
-11539
7893
7893
7893
-11539
7893
-3601
-3601
-3601
-3601
7894
-3601
-3601
7895
7894
7893
-5793
7893
2875
2875
7893
7893
11745
11745
7893
7893
7893
7893
1194
7894
7894
1194
7894
7894
9902
7895
7895
7895
4794
4794
7894
-7829
7892
7892
-7829
7892
-7829
-7829
7892
7892
7892
436
7892
7892
7892
-7641
7891
7892
-9105
7892
-15254
-15254
-15254
-15254
7892
7892
-885
-885
-885
1218
1218
7892
7892
-3380
-3380
7892
-3380
-3380
-3380
7892
-3380
-4324
-4324
-4324
-4324
-4324
7894
7894
-19267
-19267
-19267
7894
7894
7894
7894
-19267
-23652
7895
-27006
7894
-29715
-37534
-37534
7895
-48085
7895
-54903
-52060
7893
7893
7893
7893
-42828
-42828
7893
7893
7893
-42828
-42828
-45485
-45485
-45485
-45485
-45485
7893
-49344
-49344
-49344
7893
7893
7893
7893
-50138
7893
7894
7894
-48214
-48214
-48214
7893
7893
7893
7893
-58963
7893
-68562
7893
7893
7894
-77745
7895
7895
7895
-77745
7895
7895
7895
-77745
7895
-77745
-77745
7895
7895
-83107
7896
-81938
-82290
-82290
7897
-79462
-74493
7897
-74493
7897
-74944
-74944
-74944
7897
-76702
-76702
-81235
7895
7895
-80405
-86745
7895
7895
7895
7896
7896
-87660
7896
7896
7896
7896
7896
-79374
-79374
-79374
7896
-84899
7896
7896
-82014
7896
-82014
-82014
7897
-75215
7897
7897
-75215
-70503
-70503
7896
7896
7896
7896
7896
-69203
-75196
7897
7897
-75196
7897
-75436
-72711
7896
7896
-67645
7895
-69709
7894
-69709
-60096
7894
7894
-57382
-62383
-62383
7893
-62383
7892
-66177
7892
-66177
7892
-64681
-64681
7892
7892
7892
7892
7892
7892
7892
7892
-54966
-58143
-51447
-42835
7891
7891
-40000
-36272
-14581
-12698
7894
7895
-14382
-14330
-13607
-13607
7895
-16037
-16037
7895
7894
7894
7894
-24801
7892
7892
-24801
-19473
-14141
-14141
-14141
7891
7891
-14141
7890
7890
-19679
7890
7890
7890
7889
-16621
-16621
7889
9183
7891
9183
9183
7891
9183
7891
9183
7890
12877
7890
7890
12877
7890
7890
7890
3292
3292
7889
7889
-7073
7888
7888
7888
-4318
-4318
7887
-4318
1451
7888
7888
1451
1451
7888
-306
7889
7889
7889
-10877
7888
7888
-7296
7888
7888
7888
-1641
5419
7889
7889
7487
7487
7487
7890
11983
11974
7891
7891
9625
7892
7892
9625
9625
14882
13529
7890
13529
7890
7890
13757
12586
7891
7891
7891
-3657
7891
-3657
-3657
7891
7891
7891
10722
10722
10722
7891
10722
7891
10722
7891
7893
7893
9403
9403
9403
7894
1373
7894
-529
7893
-8930
7892
-8930
-8930
7892
-11038
-11038
-11038
7893
7893
-23099
-23644
7894
7894
-22246
-22246
7894
7894
7894
7894
-22420
-22420
-25864
-33403
7894
-33403
7894
7894
-33403
7894
-33403
-33403
-33403
-33403
7894
-40362
-40362
-40362
7894
7894
7894
7894
-24673
-25443
7893
7893
7893
-33249
7892
7892
7892
7892
-33249
7892
7892
-31202
-31202
-31202
7892
-31202
7892
7892
7892
-23753
7892
-23753
-23753
-23753
-28825
-38980
7893
7893
-43055
-43055
7892
7892
7892
-42229
-42229
-42229
-42229
-42229
7891
7891
-40893
7891
-40893
-40893
-40893
7891
-37227
7890
7890
7890
-43803
-43803
7891
-43803
-43803
7891
-40063
7892
7892
-40063
-40063
-35071
7891
7891
7891
7892
-43663
-36655
7892
-22249
7889
-22249
-22249
-15597
-21800
-21800
7889
7889
7889
-10338
-12312
-12312
-12312
-12312
7888
-12312
-12312
7888
-16973
-16973
-16973
7888
7886
-21218
-21218
7885
7885
7885
-41444
-41444
7883
7883
-30996
7883
-30996
7883
-30996
-30996
-37026
7882
-37026
7883
-21635
7883
-22967
7882
7882
-16883
-25347
7883
7883
7883
-26308
-28023
-28023
-28023
7881
-28023
-19443
7881
7881
7881
-7965
7881
-7262
-7262
7881
-4325
-37
-37
7880
7877
-6573
-6573
7878
-6573
7878
-6573
-11558
7878
-11558
-16234
-20773
-20773
-16125
7878
-16125
-14431
7877
-8369
7876
7875
7876
7876
7876
4765
7919
13777
13777
13777
7873
7873
13777
13777
7872
7872
16031
16031
14359
7871
7871
8794
7872
7872
7872
7872
10188
7871
7870
10487
15427
7869
15427
7869
7869
7869
22563
22563
7869
7869
26760
26760
7870
7870
17322
7870
17314
17314
24847
7870
7871
13857
13857
7872
7872
13857
13857
13857
13857
13857
7872
14608
14608
14608
7872
7871
4973
7871
7871
7871
14961
14961
7872
7872
14961
7872
14961
7872
9867
-1478
-1478
7871
7871
4193
7871
4193
4193
7870
2897
7870
2897
13185
7870
7869
12958
12958
12958
12958
12958
7869
7820
7820
5156
7866
5156
5156
5156
7868
4759
4759
-2135
9477
7868
12329
12329
7869
7869
12136
7869
12136
7869
2891
1874
1874
-5549
7870
-5549
7870
5404
7870
5404
7870
341
7869
7868
7868
-11696
7869
7869
7869
-8404
7868
-8404
7868
1397
7867
1397
7868
7868
-353
7868
7868
7868
-353
-353
7867
7867
-2644
7868
7868
7868
-405
7868
7771
7868
9985
7867
20610
7867
7868
7868
31771
20504
7868
28039
28039
28039
7869
7870
7870
20320
20320
7870
19368
19368
7871
7872
10298
7873
8741
8019
7873
1134
12110
12110
12110
17788
7872
7872
17788
17788
7872
7872
7872
7872
16206
7873
16206
7872
18959
18959
7872
7872
7872
7872
10143
7872
10143
7872
7872
7872
7873
7874
19449
26139
35131
7872
7872
7871
7871
31828
31828
7872
7872
7872
37635
37635
58193
53606
7869
7869
61964
61964
61964
61964
7868
7868
59661
59661
7868
7868
7867
53192
53192
7867
7867
7867
54211
7867
54211
54211
7867
55386
55386
7867
7867
7867
7867
55386
7867
7868
7868
7868
55715
66831
66831
7866
7866
65938
7866
7866
7866
7866
59530
59530
7866
7866
59530
7866
55174
55174
49959
60198
7863
54965
7863
7863
54965
7863
7863
54965
7863
7863
7863
7864
7864
7864
7864
7864
7864
62351
62351
7864
62351
62351
7864
7865
7865
61289
7865
60450
7864
7864
60450
7861
7861
52013
7861
7862
61106
55549
7862
7861
7861
60362
60362
7861
60362
7861
60362
60362
7861
53608
53608
53608
7861
43021
7860
7860
7860
7860
43619
7860
7860
51490
51490
7860
57238
57238
60610
60610
7862
60610
60610
60610
60610
7862
7862
58172
59513
53594
56580
7864
48942
50444
7862
47624
47624
7862
47624
7862
46376
46376
46376
46376
7862
7862
7862
46376
38908
38908
38908
7861
38908
7861
43699
7862
43699
43699
43699
43699
35484
7863
7863
7863
7863
28241
28241
7863
7863
7863
7863
17640
17640
7864
7863
7864
7864
10638
18884
7865
18884
7865
34977
32829
7863
32829
32829
32829
34544
7863
7863
7863
32812
32812
32812
7863
34510
7863
7862
7862
7862
36731
36981
36981
36981
27335
7864
27335
7864
27335
27335
7864
39448
39448
39448
7863
37839
7863
7862
7862
25746
28578
7862
7861
7861
37427
39971
39971
7864
7864
47487
52537
7863
7863
52537
52537
52537
7863
7864
58965
7864
62950
7864
62950
7864
7864
7864
62950
62950
62950
7864
62950
62079
62079
7866
7865
7865
64816
61292
7865
61292
7865
61292
7865
61903
61903
7865
61903
61903
7865
61903
7865
72041
7865
69721
69721
69721
7865
7865
7865
7866
64035
7866
7865
7866
7866
68008
68008
68008
7867
63545
7866
7866
7865
54626
58969
58969
7864
64956
7864
69993
69993
69993
69993
7865
74842
74842
75317
75317
7865
75317
7865
71911
80111
7864
7864
77631
7863
7862
77804
77804
7862
7862
7862
7863
7861
7861
95342
95342
104903
104903
104903
104721
7861
7861
123003
132198
132198
132198
7860
7860
133031
131988
7859
7858
136392
7857
7857
7857
136392
7857
7857
131364
7857
131364
7857
131364
129849
129849
130437
7856
7856
7856
7856
7855
7855
7854
132977
132977
132977
132977
132977
7854
7855
142684
142684
142684
142684
142684
142684
7855
7855
135867
7854
135867
135867
7851
120256
115945
7849
116384
7849
116384
117021
7849
7849
7849
119147
7849
118648
7848
118648
119877
7850
116305
7849
7849
7849
7849
7849
116305
7849
115835
115835
103764
100710
90783
96316
7849
94418
7849
7849
94418
94418
94418
92849
7848
93406
7848
7848
93406
93406
7848
93406
7848
93406
84291
7848
7848
91354
89702
89702
7845
7845
86063
7845
86063
7846
80190
80190
77900
77900
7845
76913
7845
76913
76913
76913
7844
79915
79915
7842
84296
7842
7842
7842
7842
70961
7842
7842
73539
7842
7842
7842
7841
73283
73721
7840
7840
7840
7840
86198
7839
7839
86198
86198
86198
7839
7838
7838
7838
7838
7838
7838
64819
64819
7839
7839
67500
7839
64659
7839
64659
7839
7838
72699
7838
72699
7838
7838
65328
65328
7838
65328
7838
7838
7836
7836
51810
56362
7834
58266
58266
58266
58266
58266
7834
58266
58266
7834
62780
62780
7833
62780
7833
7830
7829
7829
7829
7829
64888
7829
64888
68142
68142
68142
7829
7829
7829
7829
7829
7829
7829
7829
7829
7828
7828
7828
7827
79779
79779
79779
7828
7828
7826
83133
7826
7826
84285
7826
7826
7826
94472
7825
7825
7825
7825
94472
7825
107058
110628
7827
7827
108102
7827
7827
7827
7827
7826
115736
115736
115736
126670
7826
126670
124789
124789
119223
7825
127982
7825
127982
127982
127982
7825
127982
7825
7825
7825
7825
7825
122462
7827
111870
111870
111870
7827
115883
115883
115883
7827
115883
7827
7827
7827
7827
7827
130117
7827
130117
130117
120242
7828
7828
115332
7829
113606
113606
113606
113606
7828
113606
7828
122451
122451
7827
7827
122451
122451
7827
7827
122451
122451
7827
7827
122451
7827
122451
7827
7827
7827
7826
7827
123383
7827
7827
127064
127064
7827
7827
129863
7827
7827
7826
7826
7826
7826
139173
136685
136685
128428
128428
7825
128244
128244
128244
136348
7824
7824
145876
145876
7824
7823
7821
7821
141122
7821
141122
141122
141122
7821
7821
141122
7821
141122
7821
7822
147451
7821
147451
7821
147451
147451
147451
7821
7821
150635
7820
150635
7820
150635
150635
139941
7817
146604
7816
7816
169698
7816
7816
7816
7816
169698
169698
7816
7816
164991
164991
175566
175566
7814
7814
178424
7814
178424
182138
7814
184587
7814
196506
201872
201552
7818
199199
199199
7818
7818
7818
199199
199199
7818
197613
7818
7818
188691
188691
7819
7819
188691
7819
7819
7819
7819
7819
7819
188065
188065
181024
181024
7817
182311
7817
7817
182311
182311
174005
177054
7815
177054
181870
7816
7816
189761
7816
189761
7816
189761
7816
189761
183887
174039
176881
7818
7818
7818
181691
7818
7818
7818
184323
184323
175547
176769
176769
175156
7815
7814
7814
7814
187282
187282
187282
7816
7816
7816
7816
186754
7816
7816
185159
185159
7815
183316
183316
183316
183316
180980
173201
170154
7816
169844
170571
170571
170571
7816
172450
7815
172450
172450
172450
172450
172450
175279
7814
7814
182757
182757
7814
182757
182757
7813
190282
7814
7814
193427
193427
7815
7814
208117
208106
7812
219331
219331
7812
7812
7812
7812
7812
219331
7813
225182
224184
225631
7810
239350
233846
233846
7808
233846
7808
225317
7809
7809
222071
7808
217699
7807
225787
225787
225787
225787
229026
7806
7806
229026
7806
7805
221346
221346
220684
7807
221527
218014
7808
7808
214678
7808
220329
7808
220329
7808
226601
226601
7808
226601
226601
7808
7808
7808
7808
217613
7808
7808
217153
217153
7807
7807
221401
222073
215023
215023
7807
7807
7807
215023
220585
220585
7806
7806
7806
7806
220105
220105
220105
220105
7807
7807
225081
225081
7807
224033
224033
7807
219742
219742
219742
7808
7807
7807
7807
7807
221192
220339
220339
220339
7805
7803
7803
7802
7802
7802
7802
232665
232665
7802
231572
7804
7804
221932
7804
229088
226774
226774
7803
227929
7803
7803
7803
7803
7803
7803
7803
229040
219146
7804
219146
219146
219146
226091
7803
232719
7803
7803
7803
7803
230302
230302
7803
230302
7803
7802
234430
7802
234430
7801
7802
7802
239478
7801
233914
233914
7800
231077
230558
232546
7801
7801
7801
7801
7801
232546
7801
238142
238142
238294
238294
238294
238588
225468
7801
7801
225468
225468
225468
7801
7801
228066
221404
221407
7801
7801
223659
7801
7801
7801
222864
222864
7803
236124
7803
7802
7802
237125
237125
237125
7801
237125
237838
237838
7800
240645
7800
240645
240645
240645
240645
240645
7800
229055
229055
230406
7801
227025
7800
7800
227025
227025
7800
227025
7799
234611
236562
7798
236562
246994
246994
247182
7798
249281
7798
251582
7798
251582
7798
7798
245490
7798
7798
7798
7797
7797
265324
265324
259223
7796
259223
260944
7796
260944
7796
7796
7796
262027
7797
249916
7796
257076
7796
7796
244324
244324
7795
249858
7795
249858
249858
7795
249858
255569
7796
7797
7797
251454
7797
237293
7797
254775
7797
254373
254373
7796
7796
254373
7796
254373
7796
254373
254373
7796
7796
254373
254373
254373
254373
7796
7796
7796
7796
255580
7796
7796
254051
258086
7797
7797
258086
7795
7795
262747
262747
262747
262747
7795
7795
262747
263757
271623
271623
271623
7797
7797
271623
262607
262607
262607
7797
259962
7796
263240
7797
262775
7797
7797
262775
7797
7797
7797
274803
7798
274803
274803
7798
7798
7798
274803
274803
274803
275464
7799
274940
272321
272321
272321
264081
7799
262392
7799
272076
274543
7798
273050
274797
274797
7797
7798
266593
266593
7798
265351
7798
265351
269737
7798
7799
264673
7798
258872
7799
7799
272625
7799
280259
7799
7799
276186
7799
7799
7799
7800
278305
7801
7801
7800
265703
263854
7799
263854
261184
7798
7798
266872
266872
266872
266872
269766
7798
269766
7798
269766
269766
7798
269766
7798
7798
269766
7798
7798
269766
7798
269766
7798
7798
269766
7798
7798
7798
263695
263695
271465
268840
269065
7796
7795
273505
273505
273505
273505
7796
7796
269991
269375
7797
276794
273250
273250
273250
273250
273250
268304
7796
268304
7796
7796
264592
259437
259437
7795
259437
7795
7795
257175
7795
7795
257175
7794
251432
7796
255245
7794
7794
266153
7794
7794
266153
266153
7794
266153
7794
7793
269765
269765
7793
7793
280087
7793
282497
286000
281492
7793
7793
7793
7793
7793
7793
284917
7795
7795
288958
294165
284094
280770
280770
7795
270631
7794
7793
264129
264129
266508
266508
269059
7793
273881
273881
268657
268657
7793
7793
259944
7793
259944
7793
259944
259256
7792
7792
7791
246098
244700
7791
244700
244700
7791
7791
259845
7791
259845
269059
7792
7792
7792
264311
264311
273672
7793
275325
275325
275325
7791
278276
275492
7790
7790
7789
268626
7789
268626
268626
262741
7789
7789
262741
7789
7789
7788
7787
265658
265658
7787
265658
265658
7787
269674
269674
7788
268981
7788
7788
276271
7788
7788
7788
276271
7788
7788
275707
7788
280788
279930
285144
285144
7788
7788
282505
7788
7788
7788
7788
271804
279007
279007
279007
7787
7787
7787
279007
279007
279007
279007
7787
7787
280910
7787
280910
272146
7784
7784
7784
272146
272795
7782
7782
280734
280734
280734
7782
280734
280575
280575
280575
280575
7781
7781
277271
279969
279969
7779
279969
279969
279969
279969
7779
7779
7779
279969
7780
7780
282421
282421
7780
7782
265939
265939
7783
7782
254936
7781
260283
7781
260283
7781
7781
251866
251866
251866
7782
7781
7781
7781
244153
244153
7781
244153
244153
244153
244153
241818
241818
7781
7780
7780
7780
245205
251107
251107
239433
7781
7780
230000
7779
230000
230000
7780
7782
7782
7782
7782
228589
7782
228589
228589
228589
222347
222347
7781
222030
222030
7781
222030
222030
222030
7781
7781
222030
222030
7780
7780
7780
216927
7780
216927
7780
216927
7780
215122
7780
215122
7780
215122
7780
7780
220171
7780
7781
216353
7780
224635
7780
7780
225142
225142
7779
7779
222684
222684
7779
222684
7779
7779
7779
222684
7779
7779
7779
222684
7779
7779
7779
7779
7778
227954
7778
7778
221151
7779
221151
7779
221151
7779
218594
7778
7778
217291
217291
7780
7780
7780
7780
7780
217291
7780
217291
7779
206570
7779
203424
7779
7779
7778
195767
199339
204485
205064
7779
202746
202746
198663
7780
7780
198663
7780
7780
7781
7781
191626
7782
7782
191626
191626
7782
191626
7782
7782
186492
186492
186492
188203
199674
198809
198809
198809
204997
7780
7780
204997
7781
206533
7781
206533
7782
7782
7781
7781
7781
201151
7781
201151
201363
201363
205957
205957
205957
205957
205957
208859
208859
208859
208859
208859
7783
7783
7783
208859
208859
208859
210943
210943
210943
7782
7782
7781
226785
226785
7782
7782
7782
7782
7782
236633
236633
236633
7784
7784
237055
239966
7783
7783
7783
7783
7783
7782
7782
236518
7781
236518
236518
236518
236518
236518
7781
7781
236518
236518
7781
7780
7780
242570
242570
242570
249522
7779
7779
7779
7779
7779
7779
249522
249522
7779
7780
239462
7780
239367
239367
7780
7780
239367
239367
7780
239367
239367
7780
7780
239367
7780
7780
256920
7780
263821
261129
255209
255209
7781
250020
7781
7781
7781
7781
243408
7781
7781
243408
243408
245030
7781
7780
7780
7780
251596
7780
7781
7781
244934
7781
244934
243478
7781
243478
7781
7781
242384
7780
248312
7780
248312
248312
7780
244657
244657
7780
244657
244657
248094
248094
248741
248741
7779
7778
260736
7778
7778
260736
7778
7777
273574
273574
273574
7776
273574
7776
272310
7774
7774
285020
292691
7772
292691
7772
7772
298906
298906
7772
7771
7771
288500
7772
7771
7771
288497
292292
289026
7770
7770
284437
284437
7767
288805
7767
7767
7767
286348
282225
7767
7767
275173
7767
276279
7767
269831
7767
269831
269831
7767
7767
7767
7767
7767
244180
7767
7767
7767
247741
7766
246700
7765
7766
7766
260748
7766
261276
7765
7765
262282
267045
276188
7764
276789
7764
276789
7765
7765
7766
272860
272860
7766
7767
7767
7767
281786
285929
285929
285929
7766
279297
7766
7766
7766
7766
279297
274479
7766
7766
7766
7766
7766
274479
7766
7766
7766
7764
7764
265234
7765
266891
7765
7765
266295
7763
7763
263555
7761
254798
7761
254798
7758
252585
252585
7758
252585
252585
7758
7758
252585
253257
7757
250363
7757
261646
7757
7756
253057
7756
7756
253799
253799
253799
7755
259756
7755
7755
7755
262341
262341
7754
7754
7754
7754
7754
7754
7754
7754
7754
270959
270959
7754
270959
7754
7754
273377
273377
7755
273377
7756
7756
256101
7756
7756
256101
252876
252876
7755
7755
257084
7755
252428
252428
254225
7754
254225
7754
254225
7754
254225
7754
7754
7754
7754
7754
7754
7754
223817
7754
7754
7754
224283
7755
7755
7755
214728
216551
216551
216551
216551
7753
210919
7754
210919
7755
218309
7755
7755
7754
7754
7754
7754
7754
7754
229377
7754
229377
229377
229124
232132
7755
232578
7755
7755
7755
7755
233296
233296
7755
7755
233296
230526
230526
7755
230526
7754
7754
7754
228958
228958
7755
7755
226220
7755
7755
222924
225528
225528
225528
7755
225528
7755
225528
7755
225528
7755
225528
7755
7755
216339
216339
221420
221420
221420
7755
221420
7755
7755
7755
7755
226975
226975
226975
7757
235389
7757
229895
7757
227182
222286
7757
7756
7756
220515
7756
213816
7756
7756
213564
213564
7756
7756
7757
7757
197903
7757
7758
196216
7759
7759
185012
175672
7760
185562
184601
184601
188752
188752
7759
7759
7759
181978
181978
7757
182453
7757
182453
189017
7759
188536
188536
7759
188536
188536
188536
7760
183703
183703
7761
187639
7762
179442
179442
7762
179442
179442
179442
179442
7762
179442
179442
185198
7761
7760
7760
7760
7759
7759
177128
7760
182487
175354
7759
7759
7759
175354
7759
175354
7759
179299
7760
179299
7762
178520
177088
7761
177088
174920
174920
174920
174920
7762
174920
7762
182553
7762
183861
7762
7762
7762
7762
7762
7761
180154
180154
187246
174666
7762
174666
7762
7762
7762
174666
7762
180951
7762
7762
7762
168317
7762
7763
7763
7763
7763
169018
7762
171903
7762
171903
7762
7762
169282
169282
169282
169282
169282
7762
7762
169282
169282
169282
7762
7762
169282
169282
7762
169282
169282
7762
169282
7761
161364
161364
161364
161364
161364
161364
7761
156156
7760
7760
147998
147998
7760
7760
151307
151307
151307
151307
7760
151307
7761
7762
7762
154603
154603
7762
7762
7762
165082
170395
170957
170957
164112
7763
7763
7763
7763
164112
7763
7763
164112
164112
164112
7762
7762
175338
175338
7762
7762
177078
177078
177078
177078
177078
7762
185371
7761
7762
7762
7762
185774
185774
7762
185774
7762
7762
7762
7762
185774
185913
7761
7761
186051
186051
192973
7759
7759
178004
7758
7758
191872
191872
190412
190412
190412
190412
190412
7759
7759
7760
189574
7760
7760
7760
7761
192448
192448
7760
7760
185570
185570
7761
175118
175118
7761
175118
175118
175118
170082
7760
7760
7760
169784
7760
169784
7760
7761
7761
7761
163220
163220
7761
163220
7761
7761
7762
159783
159783
7762
7762
7762
154972
154972
7761
154972
154972
154972
154972
160806
7760
165496
165496
165496
7760
170148
170148
7759
170845
7759
170845
170845
7759
7759
7759
170845
170845
156795
149656
147593
147593
7759
7759
7759
7759
7759
7759
169416
169416
169416
7759
169416
7759
7759
7759
7759
173667
173667
173667
7759
7759
173667
7759
7759
7759
165317
165317
165317
7758
7759
158898
7759
7759
164928
7759
164928
7759
161589
163555
7759
7759
7759
7759
7759
7759
7759
7759
171925
7759
7758
7758
168164
7758
169836
171085
171085
7758
171085
7758
166919
7758
7759
167618
7759
167618
7759
7759
7759
7759
165741
165741
165741
163970
7761
7761
7761
7761
181257
7761
180341
7760
181267
7761
7761
180205
180205
7761
176768
7761
166894
7762
161197
7761
161197
7760
160591
160591
7760
7759
157724
7759
7759
7759
7759
7759
157724
7758
7758
150651
7759
160360
7758
152213
159858
7758
7757
7757
7756
161211
161211
7756
163687
7755
7755
163687
155525
7754
164708
164708
164708
7754
7755
169660
171756
7756
7756
158669
7756
7757
7757
150881
141952
7757
134730
7756
121569
7756
7755
116181
109078
107994
110816
110816
110816
7754
115887
7754
115887
112779
7756
112779
7756
7756
7756
116644
7756
7756
116644
116644
7756
116644
7756
113042
7757
107468
107468
7756
107468
7756
7756
113357
7757
120912
116273
7759
7759
7759
118754
122510
7759
7758
7757
7757
122025
7757
7757
7757
7755
7755
7755
130673
130673
130673
130673
7756
130673
129907
7755
7755
7755
7755
123945
123945
7756
7756
7756
7756
124905
7760
137536
7762
149437
7762
7762
152986
7763
152986
7763
152986
152986
152986
152986
7762
7762
7762
171679
7761
7760
168208
168208
176560
7759
176560
171771
171771
7759
178118
7760
180474
7760
7760
7760
7760
7760
7759
7759
7759
7759
176121
7759
176121
176121
7759
176121
176471
7759
7759
165955
165955
7760
7761
170306
7761
161831
7761
7761
154571
7762
159542
7762
159542
159542
7762
155350
7763
7761
154808
7763
158739
7763
158739
158739
7761
7761
157399
157399
164055
7760
7760
173083
7760
7758
179698
7758
179557
179557
7759
7758
7758
7758
184035
173955
7758
7758
173955
7758
173955
183170
183170
7757
7757
183170
183170
183326
184029
7758
7757
7757
196285
183949
183949
7756
183949
7756
183949
7756
7756
183949
183949
7756
178688
7756
7756
172173
7756
7756
7755
157101
7757
7757
7757
7758
170028
7758
170028
7758
7758
7758
7758
7758
7758
7758
7758
182578
182578
7759
188178
7759
7761
7760
7760
197033
197033
203879
7760
203879
203879
7760
207832
195048
195048
198613
198613
7759
198613
198613
7760
208704
208704
212870
212870
212870
212870
212870
7761
217553
7761
220563
219467
219467
221775
7758
223718
7758
226290
7757
226290
7757
7757
232956
232956
232956
7756
232956
231190
231190
7756
238582
7755
7756
238160
7756
7755
7754
7754
7754
7754
234994
234994
7755
234994
234994
7754
221345
7754
7754
7754
7753
224819
7753
224819
224819
7753
224819
7753
7754
7754
225033
230555
230555
230555
7753
221664
7753
7753
7753
230645
7752
230645
236359
236359
239213
7752
7752
240666
7752
239471
239471
241919
241919
7752
7752
7752
238519
7753
221830
221830
221830
221830
7753
227327
227327
227953
7753
7753
7753
7753
227953
229632
7753
7753
7753
7753
7753
7753
219714
7753
216441
7753
216441
7753
7754
7753
221867
7753
7753
219914
219914
7752
7752
219914
7752
219914
7752
7752
219914
7752
224407
220837
7752
223086
7752
223086
7752
7752
7752
223086
223086
7750
7750
218921
7750
7749
7748
7746
7746
7746
7746
7746
7747
200914
202004
7747
7746
198197
7745
207658
7746
7746
7746
7746
7746
7746
226380
234929
7746
224521
7746
7746
217986
215554
7745
7745
7745
229991
7745
7745
7745
7744
223526
7744
7745
7745
225288
225288
7745
7743
7743
7743
220518
7743
220518
7743
205076
205076
7743
212148
7742
219454
7742
7742
223964
7742
7742
7742
223964
221343
221343
7743
7744
214782
214782
7744
214782
7744
7744
7744
222599
222599
7744
7744
7744
7744
223279
7743
7743
7743
7743
223279
223279
223279
223279
233801
233801
233801
7742
7742
7742
233801
7742
239297
227406
7742
7742
7742
7742
7743
231194
225804
7743
225804
7743
7744
227456
7744
227456
228313
7744
7744
7744
220348
220348
7743
7743
7743
218011
218011
7743
7743
7743
211260
208142
7741
208142
7741
212187
7741
7741
7742
7742
7744
7743
216198
7742
7742
219799
219799
7742
230876
236953
248599
7744
245284
245284
245284
245284
7745
236301
246978
256158
264326
266516
266516
7744
264946
7745
7745
254526
7745
7744
7744
273480
273480
273480
264988
264988
7743
264988
7743
7743
264988
264988
264988
256621
7744
258628
258628
7744
7746
269674
255878
7744
255878
264755
264755
7743
7743
7744
7744
282352
282352
282352
282352
7744
7744
284225
7743
292087
292087
7742
295842
7742
294150
294150
7742
7742
7742
7742
292489
7742
292489
7742
7742
304253
304253
7740
7740
7740
7740
7740
295405
295405
295405
7741
320928
324856
331488
331488
331488
7741
337226
7742
337226
7742
337226
7741
337023
337023
7741
337023
7740
7740
336587
336587
7740
7740
343397
330524
7740
7740
330524
330524
7740
7740
7740
7740
7740
325189
7740
7740
326057
326057
330672
7739
329794
7738
322367
322367
7737
324695
7737
324695
7737
7737
324134
7736
7736
322839
331459
7736
7736
7736
7736
331459
7736
7736
338765
7735
7735
336358
336358
333916
333916
323250
327803
330568
7734
332400
7734
332855
337723
7734
337723
337723
7734
7734
7734
7735
340625
7736
346192
7736
351334
7737
354986
7737
354986
356049
356049
348383
348383
7737
348383
7737
7737
348383
338031
338031
338031
341654
7737
7737
343345
343345
7737
343345
7737
7737
343345
343345
337594
321371
321371
7738
319557
7738
319557
318112
7739
314999
314999
314999
7739
314999
315717
315717
7739
7739
315717
311477
311477
7738
313930
316461
7738
320185
7739
7740
323538
7740
323538
7740
7740
7740
323538
7740
7740
7740
320669
320669
7741
320669
320669
7741
320669
7741
7741
7741
320669
7741
7741
7741
320669
320669
7741
320669
7741
319982
324452
332631
332631
323318
323318
322454
318958
318958
7742
316383
7742
304401
7742
7742
299595
7742
7742
7742
303620
303620
7743
7743
7743
7742
7742
7741
290147
7741
290147
7741
290147
290147
290147
7741
290147
300869
7742
7742
302267
302267
302267
302206
302206
302206
311455
7741
310561
310561
305725
7741
310697
7740
7740
7740
304407
7740
7740
7740
304407
7740
304407
289397
7738
7738
289397
283406
7737
281692
281692
7734
7733
7733
7733
290005
7733
299902
299902
7733
7732
7733
306107
7732
324135
324135
313417
313417
313417
7729
315689
7729
315689
7730
325014
7728
316972
316972
316972
7728
316972
316972
7728
316972
7728
316972
7728
316972
7728
313622
7728
313622
313622
7728
313622
313622
313379
315743
314037
314037
314037
7729
319879
319879
319879
319879
7729
319879
319879
319879
313408
313408
7729
313408
307336
307336
307336
7726
303686
302263
7725
302263
298500
298500
7723
299148
299148
299148
7723
7723
299800
307387
307387
307387
298793
7724
307452
305287
7725
7724
7724
315721
315721
315721
315721
7723
7723
7723
7723
7721
7721
314948
7719
313234
317560
7720
317560
317560
7720
317560
317560
7720
7719
303619
7719
303619
7719
7719
301526
301526
301526
7719
7719
314871
7718
7718
314871
314871
7718
7718
7719
7719
310667
7718
7717
305366
7717
7717
298723
298723
298723
7719
7719
298723
7719
291777
7719
7719
7720
7720
294597
7720
294597
297458
7719
297458
303016
7719
308180
7719
310427
302204
7718
314297
318844
314215
7714
306962
316390
7714
323997
7714
323997
7714
323997
323997
329656
7714
330009
7715
326586
326586
326827
7714
325666
7714
7714
334298
7714
334298
7714
339109
7712
357262
7711
7711
7711
7711
7711
7711
362850
362850
362850
7710
350490
350490
7710
7711
349604
346558
346558
346558
7711
346558
7712
345448
345448
345448
345448
345448
7712
7712
345448
7712
345448
7712
344630
7712
344630
344630
7712
344630
7712
7712
350753
350753
350753
7712
350753
7712
350753
7712
7712
7712
348779
346449
340629
7713
335292
339731
338957
338957
7712
7712
7712
7712
342772
7712
7712
7712
355181
7712
355181
7712
353078
333092
7713
7713
7713
7713
336230
336230
333469
7713
333469
7713
333469
7713
333469
7713
7714
340222
7714
343966
7713
7713
7713
349635
7714
7714
7715
7715
7715
7715
363538
7715
7717
364329
364329
364329
7717
7717
7717
364329
364329
364329
364329
7717
364329
364329
364329
357361
357361
357361
357361
7715
7715
351189
7715
351189
7715
351189
352639
355983
355983
7716
355983
7716
355983
7716
7716
7716
7716
7715
363867
7716
365525
7716
365525
365525
7716
7716
7716
7716
7718
365364
365364
365364
365364
7718
369068
7718
369068
7718
369068
369068
370307
7719
7719
7719
7719
7719
7719
355315
355315
355315
355315
7719
7719
357931
7718
7718
7720
351093
7719
351093
7718
347931
347931
347931
7719
347931
347931
347931
7719
347931
7719
7719
347931
347931
7719
347931
347931
7719
347931
7719
7719
347931
7719
349910
7719
7719
341601
343659
343659
7717
332667
330361
329444
7716
7716
7716
329444
329444
7716
329444
7716
329444
7716
7716
7716
7716
7716
329444
7716
7716
329444
329444
329444
329444
7716
7716
7716
329278
7716
330104
330104
7716
319072
312330
312330
7719
7719
7718
7718
334312
7718
334312
331051
330945
7717
7717
7717
330364
330364
330364
7715
329860
7714
7715
7715
7715
7715
319447
319447
7718
319068
319068
320998
7718
7718
328946
7718
7719
7719
326363
326363
329693
316998
321549
7720
7720
7720
321549
321549
7720
321549
321549
321549
321549
7720
7720
7720
328367
7719
328367
324982
324982
324982
7718
325549
7717
319002
7717
319002
319002
321293
7718
318480
7718
7717
7717
7718
334020
334020
7718
7718
7718
7718
334317
328520
7717
322727
322727
317951
317951
314788
7718
7717
7717
332069
7717
7716
7716
330642
7715
7715
334788
334788
334788
7716
7716
7716
334788
7716
333038
330739
330739
7716
7717
332196
332196
332196
7717
342279
348386
357376
357376
7718
353489
7718
353489
7717
7717
7717
7716
7716
353447
7715
7716
367042
7716
7717
372181
7717
372181
363852
362610
358623
7716
356571
7716
356571
7717
7717
364426
