47626
51460
146720
110347
51848
90717
41282
103831
97752
110120
106309
66459
80982
91810
61309
131166
53885
93721
75109
105362
124194
83099
35637
57001
57483
38973
103431
78347
66831
49685
136412
50651
85955
81284
116099
45342
45213
131025
121739
84807
31788
71208
29571
104670
41353
101777
111048
93201
90024
86979
103553
35598
80060
126070
87512
117563
44018
82561
23753
72521
128896
95817
74303
54507
51687
134855
41147
106409
61059
119129
96875
46370
77547
80099
70745
104872
101740
106428
102581
125920
78124
52714
98637
86816
58021
41652
102491
89976
